prepFEP
Thu Apr 29 17:21:33 UTC 2021
[22;0t]0;IPython: bss_tut/execution_model
==============================================================
Sending anonymous Sire usage statistics to http://siremol.org.
For more information, see http://siremol.org/analytics
To disable, set the environment variable 'SIRE_DONT_PHONEHOME' to 1
To see the information sent, set the environment variable 
SIRE_VERBOSE_PHONEHOME equal to 1. To silence this message, set
the environment variable SIRE_SILENT_PHONEHOME to 1.
==============================================================

2020.1.0+393.g1033cd4
/export/users/jscheen/projects/bss_tut/execution_model/scripts/BSSprepFEP.py ejm_49 ejm_54
Loading ligands ejm_49 and ejm_54.
Mapping and aligning..
<BioSimSpace.Molecule: nAtoms=39, nResidues=1> <BioSimSpace.Molecule: nAtoms=37, nResidues=1>
Merging..
Loading bound ligands ejm_49 and ejm_54.
Using molecules ligand_1, ligand_2, protein:
<BioSimSpace.Molecule: nAtoms=39, nResidues=1> <BioSimSpace.Molecule: nAtoms=37, nResidues=1> <BioSimSpace.Molecule: nAtoms=4671, nResidues=290>
Mapping..
Aligning..
Merging..
Solvating merged ligands.
Solvating merged ligands + protein.
Setting up SOMD directory environment in outputs/SOMD/ejm_49~ejm_54.
Bound..
Free..
Thu Apr 29 17:33:31 UTC 2021
