------------------------------
ID 0	000.pdb
ID 1	001.pdb
ID 2	002.pdb
ID 3	003.pdb
ID 4	004.pdb
ID 5	005.pdb
ID 6	006.pdb
ID 7	007.pdb
ID 8	008.pdb
ID 9	009.pdb
ID 10	010.pdb
ID 11	011.pdb
ID 12	012.pdb
ID 13	013.pdb
ID 14	014.pdb
ID 15	015.pdb
ID 15	015.pdb
	.	.
	.	.
	.	.

------------------------------
Finish reading input files. 16 structures in total....skipped 0


Matrix scoring in progress....

MCS molecules: 000.pdb - 001.pdb final score 0.24659696394160643 from ecr 1.0 mncar 1.0 mcsr 0.44932896411722156 tmcsr 1.0 anum 1.0 sulf 1.0 het 1.0 RingMe 0.5488116360940264
MCS molecules: 000.pdb - 002.pdb final score 0.24659696394160643 from ecr 1.0 mncar 1.0 mcsr 0.44932896411722156 tmcsr 1.0 anum 1.0 sulf 1.0 het 1.0 RingMe 0.5488116360940264
MCS molecules: 000.pdb - 003.pdb final score 0.3499377491111553 from ecr 1.0 mncar 1.0 mcsr 0.6703200460356393 tmcsr 1.0 anum 0.951229424500714 sulf 1.0 het 1.0 RingMe 0.5488116360940264
MCS molecules: 000.pdb - 004.pdb final score 0.31663676937905316 from ecr 1.0 mncar 1.0 mcsr 0.6065306597126334 tmcsr 1.0 anum 0.951229424500714 sulf 1.0 het 1.0 RingMe 0.5488116360940264
MCS molecules: 000.pdb - 005.pdb final score 0.22313016014842982 from ecr 1.0 mncar 1.0 mcsr 0.4065696597405991 tmcsr 1.0 anum 1.0 sulf 1.0 het 1.0 RingMe 0.5488116360940264
MCS molecules: 000.pdb - 006.pdb final score 0.24659696394160643 from ecr 1.0 mncar 1.0 mcsr 0.44932896411722156 tmcsr 1.0 anum 1.0 sulf 1.0 het 1.0 RingMe 0.5488116360940264
MCS molecules: 000.pdb - 007.pdb final score 0.301194211912202 from ecr 1.0 mncar 1.0 mcsr 0.5488116360940264 tmcsr 1.0 anum 1.0 sulf 1.0 het 1.0 RingMe 0.5488116360940264
MCS molecules: 000.pdb - 008.pdb final score 0.24659696394160643 from ecr 1.0 mncar 1.0 mcsr 0.44932896411722156 tmcsr 1.0 anum 1.0 sulf 1.0 het 1.0 RingMe 0.5488116360940264
MCS molecules: 000.pdb - 009.pdb final score 0.33287108369807955 from ecr 1.0 mncar 1.0 mcsr 0.6065306597126334 tmcsr 1.0 anum 1.0 sulf 1.0 het 1.0 RingMe 0.5488116360940264
MCS molecules: 000.pdb - 010.pdb final score 0.27253179303401254 from ecr 1.0 mncar 1.0 mcsr 0.49658530379140947 tmcsr 1.0 anum 1.0 sulf 1.0 het 1.0 RingMe 0.5488116360940264
MCS molecules: 000.pdb - 011.pdb final score 0.22313016014842982 from ecr 1.0 mncar 1.0 mcsr 0.4065696597405991 tmcsr 1.0 anum 1.0 sulf 1.0 het 1.0 RingMe 0.5488116360940264
MCS molecules: 000.pdb - 012.pdb final score 0.36787944117144233 from ecr 1.0 mncar 1.0 mcsr 0.6703200460356393 tmcsr 1.0 anum 1.0 sulf 1.0 het 1.0 RingMe 0.5488116360940264
MCS molecules: 000.pdb - 013.pdb final score 0.7408182206817179 from ecr 1.0 mncar 1.0 mcsr 0.7408182206817179 tmcsr 1.0 anum 1.0 sulf 1.0 het 1.0 RingMe 1
MCS molecules: 000.pdb - 014.pdb final score 0.36787944117144233 from ecr 1.0 mncar 1.0 mcsr 0.6703200460356393 tmcsr 1.0 anum 1.0 sulf 1.0 het 1.0 RingMe 0.5488116360940264
MCS molecules: 000.pdb - 015.pdb final score 0.2018965179946554 from ecr 1.0 mncar 1.0 mcsr 0.36787944117144233 tmcsr 1.0 anum 1.0 sulf 1.0 het 1.0 RingMe 0.5488116360940264
MCS molecules: 001.pdb - 002.pdb final score 0.0 from ecr 1.0 mncar 1.0 mcsr 0.44932896411722156 tmcsr 1.0 anum 1.0 sulf 1.0 het 1.0 RingMe 1
MCS molecules: 001.pdb - 003.pdb final score 0.301194211912202 from ecr 1.0 mncar 1.0 mcsr 0.5488116360940264 tmcsr 1.0 anum 1.0 sulf 1.0 het 1.0 RingMe 0.5488116360940264
MCS molecules: 001.pdb - 004.pdb final score 0.27253179303401254 from ecr 1.0 mncar 1.0 mcsr 0.49658530379140947 tmcsr 1.0 anum 1.0 sulf 1.0 het 1.0 RingMe 0.5488116360940264
MCS molecules: 001.pdb - 005.pdb final score 0.0 from ecr 1.0 mncar 1.0 mcsr 0.4065696597405991 tmcsr 1.0 anum 1.0 sulf 1.0 het 1.0 RingMe 1
MCS molecules: 001.pdb - 006.pdb final score 0.0 from ecr 1.0 mncar 1.0 mcsr 0.44932896411722156 tmcsr 1.0 anum 1.0 sulf 1.0 het 1.0 RingMe 1
MCS molecules: 001.pdb - 007.pdb final score 0.24659696394160643 from ecr 1.0 mncar 1.0 mcsr 0.44932896411722156 tmcsr 1.0 anum 1.0 sulf 1.0 het 1.0 RingMe 0.5488116360940264
MCS molecules: 001.pdb - 008.pdb final score 0.0 from ecr 1.0 mncar 1.0 mcsr 0.44932896411722156 tmcsr 1.0 anum 1.0 sulf 1.0 het 1.0 RingMe 1
MCS molecules: 001.pdb - 009.pdb final score 0.27253179303401254 from ecr 1.0 mncar 1.0 mcsr 0.49658530379140947 tmcsr 1.0 anum 1.0 sulf 1.0 het 1.0 RingMe 0.5488116360940264
MCS molecules: 001.pdb - 010.pdb final score 0.0 from ecr 1.0 mncar 1.0 mcsr 0.49658530379140947 tmcsr 1.0 anum 1.0 sulf 1.0 het 1.0 RingMe 1
MCS molecules: 001.pdb - 011.pdb final score 0.0 from ecr 1.0 mncar 1.0 mcsr 0.4065696597405991 tmcsr 1.0 anum 1.0 sulf 1.0 het 1.0 RingMe 1
MCS molecules: 001.pdb - 012.pdb final score 0.301194211912202 from ecr 1.0 mncar 1.0 mcsr 0.5488116360940264 tmcsr 1.0 anum 1.0 sulf 1.0 het 1.0 RingMe 0.5488116360940264
MCS molecules: 001.pdb - 013.pdb final score 0.33287108369807955 from ecr 1.0 mncar 1.0 mcsr 0.6065306597126334 tmcsr 1.0 anum 1.0 sulf 1.0 het 1.0 RingMe 0.5488116360940264
MCS molecules: 001.pdb - 014.pdb final score 0.301194211912202 from ecr 1.0 mncar 1.0 mcsr 0.5488116360940264 tmcsr 1.0 anum 1.0 sulf 1.0 het 1.0 RingMe 0.5488116360940264
MCS molecules: 001.pdb - 015.pdb final score 0.0 from ecr 1.0 mncar 1.0 mcsr 0.36787944117144233 tmcsr 1.0 anum 1.0 sulf 1.0 het 1.0 RingMe 1
MCS molecules: 002.pdb - 003.pdb final score 0.301194211912202 from ecr 1.0 mncar 1.0 mcsr 0.5488116360940264 tmcsr 1.0 anum 1.0 sulf 1.0 het 1.0 RingMe 0.5488116360940264
MCS molecules: 002.pdb - 004.pdb final score 0.27253179303401254 from ecr 1.0 mncar 1.0 mcsr 0.49658530379140947 tmcsr 1.0 anum 1.0 sulf 1.0 het 1.0 RingMe 0.5488116360940264
MCS molecules: 002.pdb - 005.pdb final score 0.0 from ecr 1.0 mncar 1.0 mcsr 0.4065696597405991 tmcsr 1.0 anum 1.0 sulf 1.0 het 1.0 RingMe 1
MCS molecules: 002.pdb - 006.pdb final score 0.951229424500714 from ecr 1.0 mncar 1.0 mcsr 1.0 tmcsr 1.0 anum 0.951229424500714 sulf 1.0 het 1.0 RingMe 1
MCS molecules: 002.pdb - 007.pdb final score 0.24659696394160643 from ecr 1.0 mncar 1.0 mcsr 0.44932896411722156 tmcsr 1.0 anum 1.0 sulf 1.0 het 1.0 RingMe 0.5488116360940264
MCS molecules: 002.pdb - 008.pdb final score 0.951229424500714 from ecr 1.0 mncar 1.0 mcsr 1.0 tmcsr 1.0 anum 0.951229424500714 sulf 1.0 het 1.0 RingMe 1
MCS molecules: 002.pdb - 009.pdb final score 0.27253179303401254 from ecr 1.0 mncar 1.0 mcsr 0.49658530379140947 tmcsr 1.0 anum 1.0 sulf 1.0 het 1.0 RingMe 0.5488116360940264
MCS molecules: 002.pdb - 010.pdb final score 0.9048374180359595 from ecr 1.0 mncar 1.0 mcsr 0.9048374180359595 tmcsr 1.0 anum 1.0 sulf 1.0 het 1.0 RingMe 1
MCS molecules: 002.pdb - 011.pdb final score 0.9048374180359595 from ecr 1.0 mncar 1.0 mcsr 0.9048374180359595 tmcsr 1.0 anum 1.0 sulf 1.0 het 1.0 RingMe 1
MCS molecules: 002.pdb - 012.pdb final score 0.301194211912202 from ecr 1.0 mncar 1.0 mcsr 0.5488116360940264 tmcsr 1.0 anum 1.0 sulf 1.0 het 1.0 RingMe 0.5488116360940264
MCS molecules: 002.pdb - 013.pdb final score 0.33287108369807955 from ecr 1.0 mncar 1.0 mcsr 0.6065306597126334 tmcsr 1.0 anum 1.0 sulf 1.0 het 1.0 RingMe 0.5488116360940264
MCS molecules: 002.pdb - 014.pdb final score 0.301194211912202 from ecr 1.0 mncar 1.0 mcsr 0.5488116360940264 tmcsr 1.0 anum 1.0 sulf 1.0 het 1.0 RingMe 0.5488116360940264
MCS molecules: 002.pdb - 015.pdb final score 0.0 from ecr 1.0 mncar 1.0 mcsr 0.36787944117144233 tmcsr 1.0 anum 1.0 sulf 1.0 het 1.0 RingMe 1
MCS molecules: 003.pdb - 004.pdb final score 0.8607079764250578 from ecr 1.0 mncar 1.0 mcsr 0.9048374180359595 tmcsr 1.0 anum 0.951229424500714 sulf 1.0 het 1.0 RingMe 1
MCS molecules: 003.pdb - 005.pdb final score 0.27253179303401254 from ecr 1.0 mncar 1.0 mcsr 0.49658530379140947 tmcsr 1.0 anum 1.0 sulf 1.0 het 1.0 RingMe 0.5488116360940264
MCS molecules: 003.pdb - 006.pdb final score 0.301194211912202 from ecr 1.0 mncar 1.0 mcsr 0.5488116360940264 tmcsr 1.0 anum 1.0 sulf 1.0 het 1.0 RingMe 0.5488116360940264
MCS molecules: 003.pdb - 007.pdb final score 0.7788007830714049 from ecr 1.0 mncar 1.0 mcsr 0.8187307530779818 tmcsr 1.0 anum 0.951229424500714 sulf 1.0 het 1.0 RingMe 1
MCS molecules: 003.pdb - 008.pdb final score 0.301194211912202 from ecr 1.0 mncar 1.0 mcsr 0.5488116360940264 tmcsr 1.0 anum 1.0 sulf 1.0 het 1.0 RingMe 0.5488116360940264
MCS molecules: 003.pdb - 009.pdb final score 0.8607079764250578 from ecr 1.0 mncar 1.0 mcsr 0.9048374180359595 tmcsr 1.0 anum 0.951229424500714 sulf 1.0 het 1.0 RingMe 1
MCS molecules: 003.pdb - 010.pdb final score 0.33287108369807955 from ecr 1.0 mncar 1.0 mcsr 0.6065306597126334 tmcsr 1.0 anum 1.0 sulf 1.0 het 1.0 RingMe 0.5488116360940264
MCS molecules: 003.pdb - 011.pdb final score 0.27253179303401254 from ecr 1.0 mncar 1.0 mcsr 0.49658530379140947 tmcsr 1.0 anum 1.0 sulf 1.0 het 1.0 RingMe 0.5488116360940264
MCS molecules: 003.pdb - 012.pdb final score 0.951229424500714 from ecr 1.0 mncar 1.0 mcsr 1.0 tmcsr 1.0 anum 0.951229424500714 sulf 1.0 het 1.0 RingMe 1
MCS molecules: 003.pdb - 013.pdb final score 0.8607079764250578 from ecr 1.0 mncar 1.0 mcsr 0.9048374180359595 tmcsr 1.0 anum 0.951229424500714 sulf 1.0 het 1.0 RingMe 1
MCS molecules: 003.pdb - 014.pdb final score 0.9048374180359595 from ecr 1.0 mncar 1.0 mcsr 1.0 tmcsr 1.0 anum 0.9048374180359595 sulf 1.0 het 1.0 RingMe 1
MCS molecules: 003.pdb - 015.pdb final score 0.24659696394160643 from ecr 1.0 mncar 1.0 mcsr 0.44932896411722156 tmcsr 1.0 anum 1.0 sulf 1.0 het 1.0 RingMe 0.5488116360940264
MCS molecules: 004.pdb - 005.pdb final score 0.24659696394160643 from ecr 1.0 mncar 1.0 mcsr 0.44932896411722156 tmcsr 1.0 anum 1.0 sulf 1.0 het 1.0 RingMe 0.5488116360940264
MCS molecules: 004.pdb - 006.pdb final score 0.27253179303401254 from ecr 1.0 mncar 1.0 mcsr 0.49658530379140947 tmcsr 1.0 anum 1.0 sulf 1.0 het 1.0 RingMe 0.5488116360940264
MCS molecules: 004.pdb - 007.pdb final score 0.7046880897187134 from ecr 1.0 mncar 1.0 mcsr 0.7408182206817179 tmcsr 1.0 anum 0.951229424500714 sulf 1.0 het 1.0 RingMe 1
MCS molecules: 004.pdb - 008.pdb final score 0.27253179303401254 from ecr 1.0 mncar 1.0 mcsr 0.49658530379140947 tmcsr 1.0 anum 1.0 sulf 1.0 het 1.0 RingMe 0.5488116360940264
MCS molecules: 004.pdb - 009.pdb final score 0.7788007830714049 from ecr 1.0 mncar 1.0 mcsr 0.8187307530779818 tmcsr 1.0 anum 0.951229424500714 sulf 1.0 het 1.0 RingMe 1
MCS molecules: 004.pdb - 010.pdb final score 0.301194211912202 from ecr 1.0 mncar 1.0 mcsr 0.5488116360940264 tmcsr 1.0 anum 1.0 sulf 1.0 het 1.0 RingMe 0.5488116360940264
MCS molecules: 004.pdb - 011.pdb final score 0.24659696394160643 from ecr 1.0 mncar 1.0 mcsr 0.44932896411722156 tmcsr 1.0 anum 1.0 sulf 1.0 het 1.0 RingMe 0.5488116360940264
MCS molecules: 004.pdb - 012.pdb final score 0.8607079764250578 from ecr 1.0 mncar 1.0 mcsr 0.9048374180359595 tmcsr 1.0 anum 0.951229424500714 sulf 1.0 het 1.0 RingMe 1
MCS molecules: 004.pdb - 013.pdb final score 0.7788007830714049 from ecr 1.0 mncar 1.0 mcsr 0.8187307530779818 tmcsr 1.0 anum 0.951229424500714 sulf 1.0 het 1.0 RingMe 1
MCS molecules: 004.pdb - 014.pdb final score 0.8187307530779817 from ecr 1.0 mncar 1.0 mcsr 0.9048374180359595 tmcsr 1.0 anum 0.9048374180359595 sulf 1.0 het 1.0 RingMe 1
MCS molecules: 004.pdb - 015.pdb final score 0.22313016014842982 from ecr 1.0 mncar 1.0 mcsr 0.4065696597405991 tmcsr 1.0 anum 1.0 sulf 1.0 het 1.0 RingMe 0.5488116360940264
MCS molecules: 005.pdb - 006.pdb final score 0.0 from ecr 1.0 mncar 1.0 mcsr 0.4065696597405991 tmcsr 1.0 anum 1.0 sulf 1.0 het 1.0 RingMe 1
MCS molecules: 005.pdb - 007.pdb final score 0.22313016014842982 from ecr 1.0 mncar 1.0 mcsr 0.4065696597405991 tmcsr 1.0 anum 1.0 sulf 1.0 het 1.0 RingMe 0.5488116360940264
MCS molecules: 005.pdb - 008.pdb final score 0.0 from ecr 1.0 mncar 1.0 mcsr 0.4065696597405991 tmcsr 1.0 anum 1.0 sulf 1.0 het 1.0 RingMe 1
MCS molecules: 005.pdb - 009.pdb final score 0.24659696394160643 from ecr 1.0 mncar 1.0 mcsr 0.44932896411722156 tmcsr 1.0 anum 1.0 sulf 1.0 het 1.0 RingMe 0.5488116360940264
MCS molecules: 005.pdb - 010.pdb final score 0.0 from ecr 1.0 mncar 1.0 mcsr 0.44932896411722156 tmcsr 1.0 anum 1.0 sulf 1.0 het 1.0 RingMe 1
MCS molecules: 005.pdb - 011.pdb final score 0.0 from ecr 1.0 mncar 1.0 mcsr 0.36787944117144233 tmcsr 1.0 anum 1.0 sulf 1.0 het 1.0 RingMe 1
MCS molecules: 005.pdb - 012.pdb final score 0.27253179303401254 from ecr 1.0 mncar 1.0 mcsr 0.49658530379140947 tmcsr 1.0 anum 1.0 sulf 1.0 het 1.0 RingMe 0.5488116360940264
MCS molecules: 005.pdb - 013.pdb final score 0.301194211912202 from ecr 1.0 mncar 1.0 mcsr 0.5488116360940264 tmcsr 1.0 anum 1.0 sulf 1.0 het 1.0 RingMe 0.5488116360940264
MCS molecules: 005.pdb - 014.pdb final score 0.27253179303401254 from ecr 1.0 mncar 1.0 mcsr 0.49658530379140947 tmcsr 1.0 anum 1.0 sulf 1.0 het 1.0 RingMe 0.5488116360940264
MCS molecules: 005.pdb - 015.pdb final score 0.0 from ecr 1.0 mncar 1.0 mcsr 0.33287108369807955 tmcsr 1.0 anum 1.0 sulf 1.0 het 1.0 RingMe 1
MCS molecules: 006.pdb - 007.pdb final score 0.24659696394160643 from ecr 1.0 mncar 1.0 mcsr 0.44932896411722156 tmcsr 1.0 anum 1.0 sulf 1.0 het 1.0 RingMe 0.5488116360940264
MCS molecules: 006.pdb - 008.pdb final score 0.951229424500714 from ecr 1.0 mncar 1.0 mcsr 1.0 tmcsr 1.0 anum 0.951229424500714 sulf 1.0 het 1.0 RingMe 1
MCS molecules: 006.pdb - 009.pdb final score 0.27253179303401254 from ecr 1.0 mncar 1.0 mcsr 0.49658530379140947 tmcsr 1.0 anum 1.0 sulf 1.0 het 1.0 RingMe 0.5488116360940264
MCS molecules: 006.pdb - 010.pdb final score 0.9048374180359595 from ecr 1.0 mncar 1.0 mcsr 0.9048374180359595 tmcsr 1.0 anum 1.0 sulf 1.0 het 1.0 RingMe 1
MCS molecules: 006.pdb - 011.pdb final score 0.8607079764250578 from ecr 1.0 mncar 1.0 mcsr 0.9048374180359595 tmcsr 1.0 anum 0.951229424500714 sulf 1.0 het 1.0 RingMe 1
MCS molecules: 006.pdb - 012.pdb final score 0.301194211912202 from ecr 1.0 mncar 1.0 mcsr 0.5488116360940264 tmcsr 1.0 anum 1.0 sulf 1.0 het 1.0 RingMe 0.5488116360940264
MCS molecules: 006.pdb - 013.pdb final score 0.33287108369807955 from ecr 1.0 mncar 1.0 mcsr 0.6065306597126334 tmcsr 1.0 anum 1.0 sulf 1.0 het 1.0 RingMe 0.5488116360940264
MCS molecules: 006.pdb - 014.pdb final score 0.301194211912202 from ecr 1.0 mncar 1.0 mcsr 0.5488116360940264 tmcsr 1.0 anum 1.0 sulf 1.0 het 1.0 RingMe 0.5488116360940264
MCS molecules: 006.pdb - 015.pdb final score 0.0 from ecr 1.0 mncar 1.0 mcsr 0.36787944117144233 tmcsr 1.0 anum 1.0 sulf 1.0 het 1.0 RingMe 1
MCS molecules: 007.pdb - 008.pdb final score 0.24659696394160643 from ecr 1.0 mncar 1.0 mcsr 0.44932896411722156 tmcsr 1.0 anum 1.0 sulf 1.0 het 1.0 RingMe 0.5488116360940264
MCS molecules: 007.pdb - 009.pdb final score 0.9048374180359595 from ecr 1.0 mncar 1.0 mcsr 0.9048374180359595 tmcsr 1.0 anum 1.0 sulf 1.0 het 1.0 RingMe 1
MCS molecules: 007.pdb - 010.pdb final score 0.27253179303401254 from ecr 1.0 mncar 1.0 mcsr 0.49658530379140947 tmcsr 1.0 anum 1.0 sulf 1.0 het 1.0 RingMe 0.5488116360940264
MCS molecules: 007.pdb - 011.pdb final score 0.22313016014842982 from ecr 1.0 mncar 1.0 mcsr 0.4065696597405991 tmcsr 1.0 anum 1.0 sulf 1.0 het 1.0 RingMe 0.5488116360940264
MCS molecules: 007.pdb - 012.pdb final score 0.8187307530779818 from ecr 1.0 mncar 1.0 mcsr 0.8187307530779818 tmcsr 1.0 anum 1.0 sulf 1.0 het 1.0 RingMe 1
MCS molecules: 007.pdb - 013.pdb final score 0.7408182206817179 from ecr 1.0 mncar 1.0 mcsr 0.7408182206817179 tmcsr 1.0 anum 1.0 sulf 1.0 het 1.0 RingMe 1
MCS molecules: 007.pdb - 014.pdb final score 0.7788007830714049 from ecr 1.0 mncar 1.0 mcsr 0.8187307530779818 tmcsr 1.0 anum 0.951229424500714 sulf 1.0 het 1.0 RingMe 1
MCS molecules: 007.pdb - 015.pdb final score 0.2018965179946554 from ecr 1.0 mncar 1.0 mcsr 0.36787944117144233 tmcsr 1.0 anum 1.0 sulf 1.0 het 1.0 RingMe 0.5488116360940264
MCS molecules: 008.pdb - 009.pdb final score 0.27253179303401254 from ecr 1.0 mncar 1.0 mcsr 0.49658530379140947 tmcsr 1.0 anum 1.0 sulf 1.0 het 1.0 RingMe 0.5488116360940264
MCS molecules: 008.pdb - 010.pdb final score 0.9048374180359595 from ecr 1.0 mncar 1.0 mcsr 0.9048374180359595 tmcsr 1.0 anum 1.0 sulf 1.0 het 1.0 RingMe 1
MCS molecules: 008.pdb - 011.pdb final score 0.8607079764250578 from ecr 1.0 mncar 1.0 mcsr 0.9048374180359595 tmcsr 1.0 anum 0.951229424500714 sulf 1.0 het 1.0 RingMe 1
MCS molecules: 008.pdb - 012.pdb final score 0.301194211912202 from ecr 1.0 mncar 1.0 mcsr 0.5488116360940264 tmcsr 1.0 anum 1.0 sulf 1.0 het 1.0 RingMe 0.5488116360940264
MCS molecules: 008.pdb - 013.pdb final score 0.33287108369807955 from ecr 1.0 mncar 1.0 mcsr 0.6065306597126334 tmcsr 1.0 anum 1.0 sulf 1.0 het 1.0 RingMe 0.5488116360940264
MCS molecules: 008.pdb - 014.pdb final score 0.301194211912202 from ecr 1.0 mncar 1.0 mcsr 0.5488116360940264 tmcsr 1.0 anum 1.0 sulf 1.0 het 1.0 RingMe 0.5488116360940264
MCS molecules: 008.pdb - 015.pdb final score 0.0 from ecr 1.0 mncar 1.0 mcsr 0.36787944117144233 tmcsr 1.0 anum 1.0 sulf 1.0 het 1.0 RingMe 1
MCS molecules: 009.pdb - 010.pdb final score 0.301194211912202 from ecr 1.0 mncar 1.0 mcsr 0.5488116360940264 tmcsr 1.0 anum 1.0 sulf 1.0 het 1.0 RingMe 0.5488116360940264
MCS molecules: 009.pdb - 011.pdb final score 0.24659696394160643 from ecr 1.0 mncar 1.0 mcsr 0.44932896411722156 tmcsr 1.0 anum 1.0 sulf 1.0 het 1.0 RingMe 0.5488116360940264
MCS molecules: 009.pdb - 012.pdb final score 0.9048374180359595 from ecr 1.0 mncar 1.0 mcsr 0.9048374180359595 tmcsr 1.0 anum 1.0 sulf 1.0 het 1.0 RingMe 1
MCS molecules: 009.pdb - 013.pdb final score 0.8187307530779818 from ecr 1.0 mncar 1.0 mcsr 0.8187307530779818 tmcsr 1.0 anum 1.0 sulf 1.0 het 1.0 RingMe 1
MCS molecules: 009.pdb - 014.pdb final score 0.8607079764250578 from ecr 1.0 mncar 1.0 mcsr 0.9048374180359595 tmcsr 1.0 anum 0.951229424500714 sulf 1.0 het 1.0 RingMe 1
MCS molecules: 009.pdb - 015.pdb final score 0.22313016014842982 from ecr 1.0 mncar 1.0 mcsr 0.4065696597405991 tmcsr 1.0 anum 1.0 sulf 1.0 het 1.0 RingMe 0.5488116360940264
MCS molecules: 010.pdb - 011.pdb final score 0.8187307530779818 from ecr 1.0 mncar 1.0 mcsr 0.8187307530779818 tmcsr 1.0 anum 1.0 sulf 1.0 het 1.0 RingMe 1
MCS molecules: 010.pdb - 012.pdb final score 0.33287108369807955 from ecr 1.0 mncar 1.0 mcsr 0.6065306597126334 tmcsr 1.0 anum 1.0 sulf 1.0 het 1.0 RingMe 0.5488116360940264
MCS molecules: 010.pdb - 013.pdb final score 0.36787944117144233 from ecr 1.0 mncar 1.0 mcsr 0.6703200460356393 tmcsr 1.0 anum 1.0 sulf 1.0 het 1.0 RingMe 0.5488116360940264
MCS molecules: 010.pdb - 014.pdb final score 0.33287108369807955 from ecr 1.0 mncar 1.0 mcsr 0.6065306597126334 tmcsr 1.0 anum 1.0 sulf 1.0 het 1.0 RingMe 0.5488116360940264
MCS molecules: 010.pdb - 015.pdb final score 0.0 from ecr 1.0 mncar 1.0 mcsr 0.4065696597405991 tmcsr 1.0 anum 1.0 sulf 1.0 het 1.0 RingMe 1
MCS molecules: 011.pdb - 012.pdb final score 0.27253179303401254 from ecr 1.0 mncar 1.0 mcsr 0.49658530379140947 tmcsr 1.0 anum 1.0 sulf 1.0 het 1.0 RingMe 0.5488116360940264
MCS molecules: 011.pdb - 013.pdb final score 0.301194211912202 from ecr 1.0 mncar 1.0 mcsr 0.5488116360940264 tmcsr 1.0 anum 1.0 sulf 1.0 het 1.0 RingMe 0.5488116360940264
MCS molecules: 011.pdb - 014.pdb final score 0.27253179303401254 from ecr 1.0 mncar 1.0 mcsr 0.49658530379140947 tmcsr 1.0 anum 1.0 sulf 1.0 het 1.0 RingMe 0.5488116360940264
MCS molecules: 011.pdb - 015.pdb final score 0.0 from ecr 1.0 mncar 1.0 mcsr 0.33287108369807955 tmcsr 1.0 anum 1.0 sulf 1.0 het 1.0 RingMe 1
MCS molecules: 012.pdb - 013.pdb final score 0.9048374180359595 from ecr 1.0 mncar 1.0 mcsr 0.9048374180359595 tmcsr 1.0 anum 1.0 sulf 1.0 het 1.0 RingMe 1
MCS molecules: 012.pdb - 014.pdb final score 0.951229424500714 from ecr 1.0 mncar 1.0 mcsr 1.0 tmcsr 1.0 anum 0.951229424500714 sulf 1.0 het 1.0 RingMe 1
MCS molecules: 012.pdb - 015.pdb final score 0.24659696394160643 from ecr 1.0 mncar 1.0 mcsr 0.44932896411722156 tmcsr 1.0 anum 1.0 sulf 1.0 het 1.0 RingMe 0.5488116360940264
MCS molecules: 013.pdb - 014.pdb final score 0.9048374180359595 from ecr 1.0 mncar 1.0 mcsr 0.9048374180359595 tmcsr 1.0 anum 1.0 sulf 1.0 het 1.0 RingMe 1
MCS molecules: 013.pdb - 015.pdb final score 0.27253179303401254 from ecr 1.0 mncar 1.0 mcsr 0.49658530379140947 tmcsr 1.0 anum 1.0 sulf 1.0 het 1.0 RingMe 0.5488116360940264
MCS molecules: 014.pdb - 015.pdb final score 0.24659696394160643 from ecr 1.0 mncar 1.0 mcsr 0.44932896411722156 tmcsr 1.0 anum 1.0 sulf 1.0 het 1.0 RingMe 0.5488116360940264

Generating graph in progress....
------------------------------
------------------------------
